   1              		.syntax unified
   2              		.cpu cortex-m4
   3              		.eabi_attribute 27, 3
   4              		.fpu fpv4-sp-d16
   5              		.eabi_attribute 20, 1
   6              		.eabi_attribute 21, 1
   7              		.eabi_attribute 23, 3
   8              		.eabi_attribute 24, 1
   9              		.eabi_attribute 25, 1
  10              		.eabi_attribute 26, 1
  11              		.eabi_attribute 30, 6
  12              		.eabi_attribute 34, 1
  13              		.eabi_attribute 18, 4
  14              		.thumb
  15              		.file	"Main.c"
  16              		.text
  17              	.Ltext0:
  18              		.cfi_sections	.debug_frame
  19              		.comm	TimerId,4,4
  20              		.comm	Status,4,4
  21              		.comm	WriteTimerId,4,4
  22              		.comm	WriteTimerStatus,4,4
  23              		.comm	TimerIdReadBytes,4,4
  24              		.comm	StatusReadBytes,4,4
  25              		.comm	settings,40,4
  26              		.comm	gBias,12,4
  27              		.comm	aBias,12,4
  28              		.comm	mBias,12,4
  29              		.comm	gBiasRaw,6,4
  30              		.comm	aBiasRaw,6,4
  31              		.comm	mBiasRaw,6,4
  32              		.comm	_autoCalc,1,1
  33              		.comm	_mAddress,1,1
  34              		.comm	_xgAddress,1,1
  35              		.comm	gRes,4,4
  36              		.comm	aRes,4,4
  37              		.comm	mRes,4,4
  38              		.comm	gx,2,2
  39              		.comm	gy,2,2
  40              		.comm	gz,2,2
  41              		.comm	ax,2,2
  42              		.comm	ay,2,2
  43              		.comm	az,2,2
  44              		.comm	mx,2,2
  45              		.comm	my,2,2
  46              		.comm	mz,2,2
  47              		.comm	temperature,2,2
  48              		.section	.text.main,"ax",%progbits
  49              		.align	2
  50              		.global	main
  51              		.thumb
  52              		.thumb_func
  54              	main:
  55              	.LFB117:
  56              		.file 1 "../Main.c"
   1:../Main.c     **** /*
   2:../Main.c     ****  * Main.c
   3:../Main.c     ****  *
   4:../Main.c     ****  *  Created on: 08-02-2016
   5:../Main.c     ****  *      Author: Mateusz
   6:../Main.c     ****  */
   7:../Main.c     **** 
   8:../Main.c     **** 
   9:../Main.c     **** #include <DAVE3.h>			//Declarations from DAVE3 Code Generation (includes SFR declaration)
  10:../Main.c     **** 
  11:../Main.c     **** #include "LSM9DS1_Driver.h"
  12:../Main.c     **** #include "Timer.h"
  13:../Main.c     **** 
  14:../Main.c     **** void timerHandlerReadByte(void *T);
  15:../Main.c     **** 
  16:../Main.c     **** 
  17:../Main.c     **** int main(void)
  18:../Main.c     **** {
  57              		.loc 1 18 0
  58              		.cfi_startproc
  59              		@ args = 0, pretend = 0, frame = 0
  60              		@ frame_needed = 1, uses_anonymous_args = 0
  61 0000 80B5     		push	{r7, lr}
  62              	.LCFI0:
  63              		.cfi_def_cfa_offset 8
  64              		.cfi_offset 7, -8
  65              		.cfi_offset 14, -4
  66 0002 00AF     		add	r7, sp, #0
  67              	.LCFI1:
  68              		.cfi_def_cfa_register 7
  19:../Main.c     **** //	status_t status;		// Declaration of return variable for DAVE3 APIs (toggle comment if required)
  20:../Main.c     **** 
  21:../Main.c     **** 
  22:../Main.c     **** 	DAVE_Init();			// Initialization of DAVE Apps
  69              		.loc 1 22 0
  70 0004 FFF7FEFF 		bl	DAVE_Init
  23:../Main.c     **** 
  24:../Main.c     **** 
  25:../Main.c     **** 	initLSM9DS1();
  71              		.loc 1 25 0
  72 0008 FFF7FEFF 		bl	initLSM9DS1
  26:../Main.c     **** 	calibrate(TRUE);
  73              		.loc 1 26 0
  74 000c 4FF00100 		mov	r0, #1
  75 0010 FFF7FEFF 		bl	calibrate
  27:../Main.c     **** 
  28:../Main.c     **** 	startMeasurements();
  76              		.loc 1 28 0
  77 0014 FFF7FEFF 		bl	startMeasurements
  78              	.L2:
  29:../Main.c     **** 
  30:../Main.c     **** 	while(1)
  31:../Main.c     **** 	{
  32:../Main.c     **** 		readAndSendMeasurements(NULL);
  79              		.loc 1 32 0 discriminator 1
  80 0018 4FF00000 		mov	r0, #0
  81 001c FFF7FEFF 		bl	readAndSendMeasurements
  33:../Main.c     **** 	}
  82              		.loc 1 33 0 discriminator 1
  83 0020 FAE7     		b	.L2
  84              		.cfi_endproc
  85              	.LFE117:
  87 0022 00BF     		.text
  88              	.Letext0:
  89              		.file 2 "c:\\dave-3.1.10\\arm-gcc\\bin\\../lib/gcc/arm-none-eabi/4.7.4/../../../../arm-none-eabi/i
  90              		.file 3 "C:\\DAVE3_workspace\\mojWorkspace\\BachelorLSM9DS1\\Dave\\Generated\\inc\\DAVESupport/../
  91              		.file 4 "../LSM9DS1_Types.h"
  92              		.file 5 "C:\\DAVE-3.1.10\\eclipse\\/../CMSIS/Include/core_cm4.h"
  93              		.file 6 "../LSM9DS1_Driver.h"
DEFINED SYMBOLS
                            *ABS*:00000000 Main.c
                            *COM*:00000004 TimerId
                            *COM*:00000004 Status
                            *COM*:00000004 WriteTimerId
                            *COM*:00000004 WriteTimerStatus
                            *COM*:00000004 TimerIdReadBytes
                            *COM*:00000004 StatusReadBytes
                            *COM*:00000028 settings
                            *COM*:0000000c gBias
                            *COM*:0000000c aBias
                            *COM*:0000000c mBias
                            *COM*:00000006 gBiasRaw
                            *COM*:00000006 aBiasRaw
                            *COM*:00000006 mBiasRaw
                            *COM*:00000001 _autoCalc
                            *COM*:00000001 _mAddress
                            *COM*:00000001 _xgAddress
                            *COM*:00000004 gRes
                            *COM*:00000004 aRes
                            *COM*:00000004 mRes
                            *COM*:00000002 gx
                            *COM*:00000002 gy
                            *COM*:00000002 gz
                            *COM*:00000002 ax
                            *COM*:00000002 ay
                            *COM*:00000002 az
                            *COM*:00000002 mx
                            *COM*:00000002 my
                            *COM*:00000002 mz
                            *COM*:00000002 temperature
C:\Users\Mateusz\AppData\Local\Temp\ccU4YM9d.s:49     .text.main:00000000 $t
C:\Users\Mateusz\AppData\Local\Temp\ccU4YM9d.s:54     .text.main:00000000 main
                     .debug_frame:00000010 $d
                           .group:00000000 wm4.1.35166846b5321d4273ad8c4248893ac3
                           .group:00000000 wm4.XMC4500.h.45.215f4b8c79f46c7645c15373868d08c0
                           .group:00000000 wm4.core_cm4.h.47.41af406cb4cda82c972f112a9cd0a024
                           .group:00000000 wm4.newlib.h.8.a9901dc52d1357e3e94003403d43f8b5
                           .group:00000000 wm4.features.h.22.b72b3baab2bb2eab3661375590100b6b
                           .group:00000000 wm4.config.h.193.5fb8ef056cdff92dec3dee9552839d8c
                           .group:00000000 wm4._ansi.h.23.7aefdac4826acebbfc9f3822a0aeb14c
                           .group:00000000 wm4.stdint.h.20.54ad762faa59e3c05491630641c8d8bf
                           .group:00000000 wm4.core_cmInstr.h.39.3d3d1b4a79aef37532666dc6ee87c6ac
                           .group:00000000 wm4.core_cm4_simd.h.43.b5d1d38735af6366227b4256d330cf13
                           .group:00000000 wm4.core_cm4.h.178.e5ef5ce66d198d7f00f9d0076e267c41
                           .group:00000000 wm4.system_XMC4500.h.29.827f68baa362c84f2abae4ab67dde7c9
                           .group:00000000 wm4.XMC4500.h.198.8e022f279ff353ed081df898dc7b9cf3
                           .group:00000000 wm4.stddef.h.40.50cf36416e06376af8a9dca28536f2e4
                           .group:00000000 wm4.types.h.60.e75c47576398c648cdcf9000ace5e3d8
                           .group:00000000 wm4.MULTIPLEXER.h.46.4a863fbae1c79f0db26da3ce2dc30d02
                           .group:00000000 wm4.CCU8PWMLIB.h.74.725ec81203769525cc7a424597055f47
                           .group:00000000 wm4.MOTORLIB.h.62.951091d95913dd2ff36d761323a1771d
                           .group:00000000 wm4.DBG001.h.116.d6d9e7459a0faa3905c97c1d2edb339d
                           .group:00000000 wm4.uc_id.h.35.fa57ecd9f559d2767f56c96da2848c12
                           .group:00000000 wm4.CLK001_Const.h.50.e5e9c2ddc89f4cc9e7b93e9648fa94e4
                           .group:00000000 wm4.CLK001_Conf.h.81.82a8db895dc146da001475dd68223522
                           .group:00000000 wm4.SYSTM001.h.64.6ecb31c49bc3e7691644fdcdfc11b5cd
                           .group:00000000 wm4.Usic.h.58.a3e6728d1d20f5a5e52f483a06098d7b
                           .group:00000000 wm4.I2C001.h.97.5277d52889d6c741e048ea45ee1277b5
                           .group:00000000 wm4.I2C001_Conf.h.58.e471e519f7471a50493b6f4fe912ee0d
                           .group:00000000 wm4.NVIC002_Conf.h.63.74cd705315f747fa337668af570b2988
                           .group:00000000 wm4.LSM9DS1_Driver.h.9.225085f752270af24a0df342ed7d3479
                           .group:00000000 wm4.LSM9DS1_Registers.h.9.72af380d6da01de607f77d245bf32825
                           .group:00000000 wm4.stdio.h.31.f48311dde756a2aec27351b58a280fb9
                           .group:00000000 wm4.stddef.h.161.e50ff8a9d5d1abbc15641da28ac571bf
                           .group:00000000 wm4.stdarg.h.34.3a23a216c0c293b3d2ea2e89281481e6
                           .group:00000000 wm4._default_types.h.6.5e12cd604db8ce00b62bb2f02708eaf3
                           .group:00000000 wm4.lock.h.2.9bc98482741e5e2a9450b12934a684ea
                           .group:00000000 wm4.stddef.h.161.c6104a0666cf681b6269ddc9b4f516d4
                           .group:00000000 wm4.reent.h.16.9e42f0e588b85e70b2bf6572af57ce64
                           .group:00000000 wm4.types.h.23.0d949686bbcadd1621462d4fa1f884f9
                           .group:00000000 wm4.types.h.2.e9cec8c90ab35f77d9f499e06ae02400
                           .group:00000000 wm4.types.h.80.1f2c84c0d57dd52dd9936095d9ac218e
                           .group:00000000 wm4.stdio.h.2.4aa87247282eca6c8f36f9de33d8df1a
                           .group:00000000 wm4.stdio.h.63.dfdea6580b080784d08faace69b6ed76

UNDEFINED SYMBOLS
DAVE_Init
initLSM9DS1
calibrate
startMeasurements
readAndSendMeasurements
